<?xml version="1.0" encoding="UTF-8"?>
<!-- Generated by org.testng.reporters.JUnitXMLReporter -->
<testsuite ignored="2" hostname="DESKTOP-DOJ891E" failures="0" tests="2" name="GRP-regression,smoke" time="0.117" errors="0" timestamp="2025-02-27T12:35:09 IST">
  <testcase classname="UI.GroupDemoTest" name="btest" time="0.02"/>
  <testcase classname="UI.GroupDemoTest" name="login" time="0.003"/>
  <testcase classname="UI.GroupDemoTest" name="logout" time="0.0">
    <ignored/>
  </testcase> <!-- logout -->
  <testcase classname="UI.GroupDemoTest" name="atest" time="0.0">
    <ignored/>
  </testcase> <!-- atest -->
</testsuite> <!-- GRP-regression,smoke -->
