<?xml version="1.0" encoding="UTF-8"?>
<!-- Generated by org.testng.reporters.JUnitXMLReporter -->
<testsuite ignored="1" hostname="DESKTOP-DOJ891E" failures="0" tests="3" name="GRP-smoke,regression" time="0.12" errors="0" timestamp="2025-02-27T12:38:29 IST">
  <testcase classname="UI.GroupDemoTest" name="btest" time="0.017"/>
  <testcase classname="UI.GroupDemoTest" name="login" time="0.001"/>
  <testcase classname="UI.GroupDemoTest" name="logout" time="0.004"/>
  <testcase classname="UI.GroupDemoTest" name="atest" time="0.0">
    <ignored/>
  </testcase> <!-- atest -->
</testsuite> <!-- GRP-smoke,regression -->
