<?xml version="1.0" encoding="UTF-8"?>
<!-- Generated by org.testng.reporters.JUnitXMLReporter -->
<testsuite ignored="0" hostname="DESKTOP-DOJ891E" failures="0" tests="4" name="GRP-user-registration" time="0.147" errors="0" timestamp="2025-02-27T12:39:00 IST">
  <testcase classname="UI.GroupDemoTest" name="atest" time="0.018"/>
  <testcase classname="UI.GroupDemoTest" name="btest" time="0.003"/>
  <testcase classname="UI.GroupDemoTest" name="login" time="0.003"/>
  <testcase classname="UI.GroupDemoTest" name="logout" time="0.003"/>
</testsuite> <!-- GRP-user-registration -->
