<?xml version="1.0" encoding="UTF-8"?>
<!-- Generated by org.testng.reporters.JUnitXMLReporter -->
<testsuite ignored="2" hostname="DESKTOP-DOJ891E" failures="0" tests="2" name="GRP-regression" time="0.135" errors="0" timestamp="2025-02-28T12:51:08 IST">
  <testcase classname="UI.GroupDemoTest" name="login" time="0.011"/>
  <testcase classname="UI.GroupDemoTest" name="logout" time="0.005"/>
  <testcase classname="UI.GroupDemoTest" name="atest" time="0.0">
    <ignored/>
  </testcase> <!-- atest -->
  <testcase classname="UI.GroupDemoTest" name="btest" time="0.0">
    <ignored/>
  </testcase> <!-- btest -->
</testsuite> <!-- GRP-regression -->
