<?xml version="1.0" encoding="UTF-8"?>
<!-- Generated by org.testng.reporters.JUnitXMLReporter -->
<testsuite ignored="2" hostname="DESKTOP-DOJ891E" failures="0" tests="5" name="Regression Test" time="6.468" errors="0" timestamp="2025-03-02T19:42:21 IST">
  <testcase classname="UI.VerifyTitleTest" name="titleTest" time="6.435"/>
  <testcase classname="UI.GroupDemoTest" name="atest" time="0.004"/>
  <testcase classname="UI.GroupDemoTest" name="btest" time="0.002"/>
  <testcase classname="UI.GroupDemoTest" name="login" time="0.002"/>
  <testcase classname="UI.GroupDemoTest" name="logout" time="0.001"/>
  <testcase classname="common.commondatasetup" name="@BeforeSuite datasetup" time="0.0">
    <ignored/>
  </testcase> <!-- @BeforeSuite datasetup -->
  <testcase classname="common.commondatasetup" name="@AfterSuite datateardown" time="0.0">
    <ignored/>
  </testcase> <!-- @AfterSuite datateardown -->
</testsuite> <!-- Regression Test -->
