<?xml version="1.0" encoding="UTF-8"?>
<!-- Generated by org.testng.reporters.JUnitXMLReporter -->
<testsuite ignored="0" hostname="DESKTOP-DOJ891E" failures="1" tests="3" name="Test" time="2.771" errors="0" timestamp="2025-03-03T18:26:34 IST">
  <testcase classname="UI.TestReport" name="Test1" time="2.109">
    <failure type="java.lang.AssertionError" message="expected [true] but found [false]">
      <![CDATA[java.lang.AssertionError: expected [true] but found [false]
at UI.TestReport.Test1(TestReport.java:13)
at java.base/java.util.ArrayList.forEach(ArrayList.java:1596)
... Removed 29 stack frames]]>
    </failure>
  </testcase> <!-- Test1 -->
  <testcase classname="UI.TestReport" name="Test2" time="0.005"/>
  <testcase classname="UI.TestReport" name="Test3" time="0.002"/>
</testsuite> <!-- Test -->
