<?xml version="1.0" encoding="UTF-8"?>
<testng-results ignored="0" total="6" passed="6" failed="0" skipped="0">
  <reporter-output>
  </reporter-output>
  <suite started-at="2025-03-01T18:32:34 IST" name="Default suite" finished-at="2025-03-01T18:32:34 IST" duration-ms="184">
    <groups>
    </groups>
    <test started-at="2025-03-01T18:32:34 IST" name="Default test" finished-at="2025-03-01T18:32:34 IST" duration-ms="184">
      <class name="UI.DataProvideFetchData">
        <test-method signature="test(java.lang.String,java.lang.String)[pri:0, instance:UI.DataProvideFetchData@25ce9dc4]" started-at="2025-03-01T18:32:34 IST" name="test" data-provider="dataset" finished-at="2025-03-01T18:32:34 IST" duration-ms="21" status="PASS">
          <params>
            <param index="0">
              <value>
                <![CDATA[user1]]>
              </value>
            </param>
            <param index="1">
              <value>
                <![CDATA[pass1]]>
              </value>
            </param>
          </params>
          <reporter-output>
          </reporter-output>
        </test-method> <!-- test -->
        <test-method signature="test(java.lang.String,java.lang.String)[pri:0, instance:UI.DataProvideFetchData@25ce9dc4]" started-at="2025-03-01T18:32:34 IST" name="test" data-provider="dataset" finished-at="2025-03-01T18:32:34 IST" duration-ms="4" status="PASS">
          <params>
            <param index="0">
              <value>
                <![CDATA[user2]]>
              </value>
            </param>
            <param index="1">
              <value>
                <![CDATA[pass2]]>
              </value>
            </param>
          </params>
          <reporter-output>
          </reporter-output>
        </test-method> <!-- test -->
        <test-method signature="test(java.lang.String,java.lang.String)[pri:0, instance:UI.DataProvideFetchData@25ce9dc4]" started-at="2025-03-01T18:32:34 IST" name="test" data-provider="dataset" finished-at="2025-03-01T18:32:34 IST" duration-ms="6" status="PASS">
          <params>
            <param index="0">
              <value>
                <![CDATA[user3]]>
              </value>
            </param>
            <param index="1">
              <value>
                <![CDATA[pass3]]>
              </value>
            </param>
          </params>
          <reporter-output>
          </reporter-output>
        </test-method> <!-- test -->
        <test-method signature="test1(java.lang.String,java.lang.String,java.lang.String)[pri:0, instance:UI.DataProvideFetchData@25ce9dc4]" started-at="2025-03-01T18:32:34 IST" name="test1" data-provider="create" finished-at="2025-03-01T18:32:34 IST" duration-ms="5" status="PASS">
          <params>
            <param index="0">
              <value>
                <![CDATA[username]]>
              </value>
            </param>
            <param index="1">
              <value>
                <![CDATA[password]]>
              </value>
            </param>
            <param index="2">
              <value>
                <![CDATA[test1]]>
              </value>
            </param>
          </params>
          <reporter-output>
          </reporter-output>
        </test-method> <!-- test1 -->
        <test-method signature="test1(java.lang.String,java.lang.String,java.lang.String)[pri:0, instance:UI.DataProvideFetchData@25ce9dc4]" started-at="2025-03-01T18:32:34 IST" name="test1" data-provider="create" finished-at="2025-03-01T18:32:34 IST" duration-ms="3" status="PASS">
          <params>
            <param index="0">
              <value>
                <![CDATA[username1]]>
              </value>
            </param>
            <param index="1">
              <value>
                <![CDATA[password1]]>
              </value>
            </param>
            <param index="2">
              <value>
                <![CDATA[test2]]>
              </value>
            </param>
          </params>
          <reporter-output>
          </reporter-output>
        </test-method> <!-- test1 -->
        <test-method signature="test1(java.lang.String,java.lang.String,java.lang.String)[pri:0, instance:UI.DataProvideFetchData@25ce9dc4]" started-at="2025-03-01T18:32:34 IST" name="test1" data-provider="create" finished-at="2025-03-01T18:32:34 IST" duration-ms="1" status="PASS">
          <params>
            <param index="0">
              <value>
                <![CDATA[username2]]>
              </value>
            </param>
            <param index="1">
              <value>
                <![CDATA[password2]]>
              </value>
            </param>
            <param index="2">
              <value>
                <![CDATA[test3]]>
              </value>
            </param>
          </params>
          <reporter-output>
          </reporter-output>
        </test-method> <!-- test1 -->
      </class> <!-- UI.DataProvideFetchData -->
    </test> <!-- Default test -->
  </suite> <!-- Default suite -->
</testng-results>
