<?xml version="1.0" encoding="UTF-8"?>
<testng-results ignored="0" total="1" passed="1" failed="0" skipped="0">
  <reporter-output>
  </reporter-output>
  <suite started-at="2025-03-07T19:28:43 IST" name="Default suite" finished-at="2025-03-07T19:29:13 IST" duration-ms="30033">
    <groups>
    </groups>
    <test started-at="2025-03-07T19:28:43 IST" name="Default test" finished-at="2025-03-07T19:29:13 IST" duration-ms="30033">
      <class name="Authentication.Signup">
        <test-method is-config="true" signature="setup()[pri:0, instance:Authentication.Signup@1033576a]" started-at="2025-03-07T19:28:02 IST" name="setup" finished-at="2025-03-07T19:28:43 IST" duration-ms="41000" status="PASS">
          <reporter-output>
          </reporter-output>
        </test-method> <!-- setup -->
        <test-method signature="signupTest()[pri:0, instance:Authentication.Signup@1033576a]" started-at="2025-03-07T19:28:43 IST" name="signupTest" finished-at="2025-03-07T19:29:13 IST" duration-ms="29947" status="PASS">
          <reporter-output>
          </reporter-output>
        </test-method> <!-- signupTest -->
        <test-method is-config="true" signature="CloseBrowser()[pri:0, instance:Authentication.Signup@1033576a]" started-at="2025-03-07T19:29:14 IST" name="CloseBrowser" finished-at="2025-03-07T19:29:15 IST" duration-ms="1723" status="PASS">
          <reporter-output>
          </reporter-output>
        </test-method> <!-- CloseBrowser -->
      </class> <!-- Authentication.Signup -->
    </test> <!-- Default test -->
  </suite> <!-- Default suite -->
</testng-results>
