<?xml version="1.0" encoding="UTF-8"?>
<!-- Generated by org.testng.reporters.JUnitXMLReporter -->
<testsuite ignored="0" hostname="DESKTOP-DOJ891E" failures="1" tests="1" name="Screenshot" time="4.404" errors="0" timestamp="2025-03-10T18:58:33 IST">
  <testcase classname="UI.ScreenshotDemo" name="LaunchApp" time="3.926">
    <failure type="java.lang.AssertionError" message="expected [true] but found [false]">
      <![CDATA[java.lang.AssertionError: expected [true] but found [false]
at UI.ScreenshotDemo.LaunchApp(ScreenshotDemo.java:12)
at java.base/java.util.ArrayList.forEach(ArrayList.java:1596)
... Removed 29 stack frames]]>
    </failure>
  </testcase> <!-- LaunchApp -->
</testsuite> <!-- Screenshot -->
