<?xml version="1.0" encoding="UTF-8"?>
<!-- Generated by org.testng.reporters.JUnitXMLReporter -->
<testsuite ignored="0" hostname="DESKTOP-DOJ891E" failures="0" tests="4" name="Test" time="0.316" errors="0" timestamp="2025-03-02T23:47:36 IST">
  <testcase classname="UI.GroupDemoTest" name="atest" time="0.131"/>
  <testcase classname="UI.GroupDemoTest" name="btest" time="0.022"/>
  <testcase classname="UI.GroupDemoTest" name="login" time="0.013"/>
  <testcase classname="UI.GroupDemoTest" name="logout" time="0.013"/>
</testsuite> <!-- Test -->
